<?xml version="1.0" encoding="UTF-8"?>
<!-- Generated by org.testng.reporters.JUnitReportReporter -->
<testsuite skipped="1" hostname="DESKTOP-JKQG76B" name="pages.PageTest" tests="4" failures="0" timestamp="22 Dec 2018 09:36:28 GMT" time="47.696" errors="0">
  <testcase name="loginPage" time="14.613" classname="pages.PageTest"/>
  <testcase name="userName" time="10.704" classname="pages.PageTest"/>
  <testcase name="button" time="22.379" classname="pages.PageTest"/>
  <testcase name="password" classname="pages.PageTest">
    <skipped/>
  </testcase> <!-- password -->
</testsuite> <!-- pages.PageTest -->
